2025-08-23 12:31:18,856 - INFO - Running Two Sum
2025-08-23 12:31:18,856 - DEBUG - Index 0: num = 2, complement = 7
2025-08-23 12:31:18,856 - DEBUG - Index 1: num = 7, complement = 2
2025-08-23 12:31:18,856 - INFO - Found pair: 2 + 7 = 9
2025-08-23 12:31:18,856 - INFO - Running Contains Duplicate
2025-08-23 12:31:18,856 - DEBUG - Checking 1
2025-08-23 12:31:18,856 - DEBUG - Checking 2
2025-08-23 12:31:18,856 - DEBUG - Checking 3
2025-08-23 12:31:18,856 - DEBUG - Checking 1
2025-08-23 12:31:18,856 - INFO - Duplicate found: 1
2025-08-23 12:31:18,856 - INFO - Running Valid Anagram
2025-08-23 12:31:18,856 - DEBUG - Count for a: 1
2025-08-23 12:31:18,856 - DEBUG - Count for n: 1
2025-08-23 12:31:18,856 - DEBUG - Count for a: 2
2025-08-23 12:31:18,856 - DEBUG - Count for g: 1
2025-08-23 12:31:18,856 - DEBUG - Count for r: 1
2025-08-23 12:31:18,856 - DEBUG - Count for a: 3
2025-08-23 12:31:18,856 - DEBUG - Count for m: 1
2025-08-23 12:31:18,856 - DEBUG - Decreased count for n: 0
2025-08-23 12:31:18,856 - DEBUG - Decreased count for a: 2
2025-08-23 12:31:18,856 - DEBUG - Decreased count for g: 0
2025-08-23 12:31:18,856 - DEBUG - Decreased count for a: 1
2025-08-23 12:31:18,856 - DEBUG - Decreased count for r: 0
2025-08-23 12:31:18,856 - DEBUG - Decreased count for a: 0
2025-08-23 12:31:18,856 - DEBUG - Decreased count for m: 0
2025-08-23 12:31:18,856 - INFO - Strings are anagrams
