2025-09-07 16:32:39,911 - INFO - Starting Day 25 Recursive Exercises
2025-09-07 16:32:39,911 - DEBUG - fibonacci(10) called
2025-09-07 16:32:39,911 - DEBUG - fibonacci(9) called
2025-09-07 16:32:39,911 - DEBUG - fibonacci(8) called
2025-09-07 16:32:39,911 - DEBUG - fibonacci(7) called
2025-09-07 16:32:39,911 - DEBUG - fibonacci(6) called
2025-09-07 16:32:39,911 - DEBUG - fibonacci(5) called
2025-09-07 16:32:39,911 - DEBUG - fibonacci(4) called
2025-09-07 16:32:39,911 - DEBUG - fibonacci(3) called
2025-09-07 16:32:39,911 - DEBUG - fibonacci(2) called
2025-09-07 16:32:39,911 - DEBUG - fibonacci(1) called
2025-09-07 16:32:39,911 - DEBUG - fibonacci(0) called
2025-09-07 16:32:39,911 - DEBUG - fibonacci(2) = 1
2025-09-07 16:32:39,911 - DEBUG - fibonacci(1) called
2025-09-07 16:32:39,911 - DEBUG - fibonacci(3) = 2
2025-09-07 16:32:39,911 - DEBUG - fibonacci(2) called
2025-09-07 16:32:39,911 - DEBUG - fibonacci(1) called
2025-09-07 16:32:39,911 - DEBUG - fibonacci(0) called
2025-09-07 16:32:39,911 - DEBUG - fibonacci(2) = 1
2025-09-07 16:32:39,911 - DEBUG - fibonacci(4) = 3
2025-09-07 16:32:39,911 - DEBUG - fibonacci(3) called
2025-09-07 16:32:39,911 - DEBUG - fibonacci(2) called
2025-09-07 16:32:39,911 - DEBUG - fibonacci(1) called
2025-09-07 16:32:39,911 - DEBUG - fibonacci(0) called
2025-09-07 16:32:39,911 - DEBUG - fibonacci(2) = 1
2025-09-07 16:32:39,911 - DEBUG - fibonacci(1) called
2025-09-07 16:32:39,911 - DEBUG - fibonacci(3) = 2
2025-09-07 16:32:39,911 - DEBUG - fibonacci(5) = 5
2025-09-07 16:32:39,911 - DEBUG - fibonacci(4) called
2025-09-07 16:32:39,911 - DEBUG - fibonacci(3) called
2025-09-07 16:32:39,911 - DEBUG - fibonacci(2) called
2025-09-07 16:32:39,911 - DEBUG - fibonacci(1) called
2025-09-07 16:32:39,911 - DEBUG - fibonacci(0) called
2025-09-07 16:32:39,911 - DEBUG - fibonacci(2) = 1
2025-09-07 16:32:39,911 - DEBUG - fibonacci(1) called
2025-09-07 16:32:39,911 - DEBUG - fibonacci(3) = 2
2025-09-07 16:32:39,911 - DEBUG - fibonacci(2) called
2025-09-07 16:32:39,911 - DEBUG - fibonacci(1) called
2025-09-07 16:32:39,911 - DEBUG - fibonacci(0) called
2025-09-07 16:32:39,911 - DEBUG - fibonacci(2) = 1
2025-09-07 16:32:39,911 - DEBUG - fibonacci(4) = 3
2025-09-07 16:32:39,911 - DEBUG - fibonacci(6) = 8
2025-09-07 16:32:39,911 - DEBUG - fibonacci(5) called
2025-09-07 16:32:39,911 - DEBUG - fibonacci(4) called
2025-09-07 16:32:39,911 - DEBUG - fibonacci(3) called
2025-09-07 16:32:39,911 - DEBUG - fibonacci(2) called
2025-09-07 16:32:39,911 - DEBUG - fibonacci(1) called
2025-09-07 16:32:39,911 - DEBUG - fibonacci(0) called
2025-09-07 16:32:39,911 - DEBUG - fibonacci(2) = 1
2025-09-07 16:32:39,911 - DEBUG - fibonacci(1) called
2025-09-07 16:32:39,911 - DEBUG - fibonacci(3) = 2
2025-09-07 16:32:39,911 - DEBUG - fibonacci(2) called
2025-09-07 16:32:39,911 - DEBUG - fibonacci(1) called
2025-09-07 16:32:39,911 - DEBUG - fibonacci(0) called
2025-09-07 16:32:39,911 - DEBUG - fibonacci(2) = 1
2025-09-07 16:32:39,911 - DEBUG - fibonacci(4) = 3
2025-09-07 16:32:39,911 - DEBUG - fibonacci(3) called
2025-09-07 16:32:39,911 - DEBUG - fibonacci(2) called
2025-09-07 16:32:39,911 - DEBUG - fibonacci(1) called
2025-09-07 16:32:39,911 - DEBUG - fibonacci(0) called
2025-09-07 16:32:39,911 - DEBUG - fibonacci(2) = 1
2025-09-07 16:32:39,911 - DEBUG - fibonacci(1) called
2025-09-07 16:32:39,911 - DEBUG - fibonacci(3) = 2
2025-09-07 16:32:39,911 - DEBUG - fibonacci(5) = 5
2025-09-07 16:32:39,911 - DEBUG - fibonacci(7) = 13
2025-09-07 16:32:39,911 - DEBUG - fibonacci(6) called
2025-09-07 16:32:39,911 - DEBUG - fibonacci(5) called
2025-09-07 16:32:39,911 - DEBUG - fibonacci(4) called
2025-09-07 16:32:39,911 - DEBUG - fibonacci(3) called
2025-09-07 16:32:39,911 - DEBUG - fibonacci(2) called
2025-09-07 16:32:39,911 - DEBUG - fibonacci(1) called
2025-09-07 16:32:39,911 - DEBUG - fibonacci(0) called
2025-09-07 16:32:39,911 - DEBUG - fibonacci(2) = 1
2025-09-07 16:32:39,911 - DEBUG - fibonacci(1) called
2025-09-07 16:32:39,911 - DEBUG - fibonacci(3) = 2
2025-09-07 16:32:39,911 - DEBUG - fibonacci(2) called
2025-09-07 16:32:39,911 - DEBUG - fibonacci(1) called
2025-09-07 16:32:39,911 - DEBUG - fibonacci(0) called
2025-09-07 16:32:39,911 - DEBUG - fibonacci(2) = 1
2025-09-07 16:32:39,911 - DEBUG - fibonacci(4) = 3
2025-09-07 16:32:39,912 - DEBUG - fibonacci(3) called
2025-09-07 16:32:39,912 - DEBUG - fibonacci(2) called
2025-09-07 16:32:39,912 - DEBUG - fibonacci(1) called
2025-09-07 16:32:39,912 - DEBUG - fibonacci(0) called
2025-09-07 16:32:39,912 - DEBUG - fibonacci(2) = 1
2025-09-07 16:32:39,912 - DEBUG - fibonacci(1) called
2025-09-07 16:32:39,912 - DEBUG - fibonacci(3) = 2
2025-09-07 16:32:39,912 - DEBUG - fibonacci(5) = 5
2025-09-07 16:32:39,912 - DEBUG - fibonacci(4) called
2025-09-07 16:32:39,912 - DEBUG - fibonacci(3) called
2025-09-07 16:32:39,912 - DEBUG - fibonacci(2) called
2025-09-07 16:32:39,912 - DEBUG - fibonacci(1) called
2025-09-07 16:32:39,912 - DEBUG - fibonacci(0) called
2025-09-07 16:32:39,912 - DEBUG - fibonacci(2) = 1
2025-09-07 16:32:39,912 - DEBUG - fibonacci(1) called
2025-09-07 16:32:39,912 - DEBUG - fibonacci(3) = 2
2025-09-07 16:32:39,912 - DEBUG - fibonacci(2) called
2025-09-07 16:32:39,912 - DEBUG - fibonacci(1) called
2025-09-07 16:32:39,912 - DEBUG - fibonacci(0) called
2025-09-07 16:32:39,912 - DEBUG - fibonacci(2) = 1
2025-09-07 16:32:39,912 - DEBUG - fibonacci(4) = 3
2025-09-07 16:32:39,912 - DEBUG - fibonacci(6) = 8
2025-09-07 16:32:39,912 - DEBUG - fibonacci(8) = 21
2025-09-07 16:32:39,912 - DEBUG - fibonacci(7) called
2025-09-07 16:32:39,912 - DEBUG - fibonacci(6) called
2025-09-07 16:32:39,912 - DEBUG - fibonacci(5) called
2025-09-07 16:32:39,912 - DEBUG - fibonacci(4) called
2025-09-07 16:32:39,912 - DEBUG - fibonacci(3) called
2025-09-07 16:32:39,912 - DEBUG - fibonacci(2) called
2025-09-07 16:32:39,912 - DEBUG - fibonacci(1) called
2025-09-07 16:32:39,912 - DEBUG - fibonacci(0) called
2025-09-07 16:32:39,912 - DEBUG - fibonacci(2) = 1
2025-09-07 16:32:39,912 - DEBUG - fibonacci(1) called
2025-09-07 16:32:39,912 - DEBUG - fibonacci(3) = 2
2025-09-07 16:32:39,912 - DEBUG - fibonacci(2) called
2025-09-07 16:32:39,912 - DEBUG - fibonacci(1) called
2025-09-07 16:32:39,912 - DEBUG - fibonacci(0) called
2025-09-07 16:32:39,912 - DEBUG - fibonacci(2) = 1
2025-09-07 16:32:39,912 - DEBUG - fibonacci(4) = 3
2025-09-07 16:32:39,912 - DEBUG - fibonacci(3) called
2025-09-07 16:32:39,912 - DEBUG - fibonacci(2) called
2025-09-07 16:32:39,912 - DEBUG - fibonacci(1) called
2025-09-07 16:32:39,912 - DEBUG - fibonacci(0) called
2025-09-07 16:32:39,912 - DEBUG - fibonacci(2) = 1
2025-09-07 16:32:39,912 - DEBUG - fibonacci(1) called
2025-09-07 16:32:39,912 - DEBUG - fibonacci(3) = 2
2025-09-07 16:32:39,912 - DEBUG - fibonacci(5) = 5
2025-09-07 16:32:39,912 - DEBUG - fibonacci(4) called
2025-09-07 16:32:39,912 - DEBUG - fibonacci(3) called
2025-09-07 16:32:39,912 - DEBUG - fibonacci(2) called
2025-09-07 16:32:39,912 - DEBUG - fibonacci(1) called
2025-09-07 16:32:39,912 - DEBUG - fibonacci(0) called
2025-09-07 16:32:39,912 - DEBUG - fibonacci(2) = 1
2025-09-07 16:32:39,912 - DEBUG - fibonacci(1) called
2025-09-07 16:32:39,912 - DEBUG - fibonacci(3) = 2
2025-09-07 16:32:39,912 - DEBUG - fibonacci(2) called
2025-09-07 16:32:39,912 - DEBUG - fibonacci(1) called
2025-09-07 16:32:39,912 - DEBUG - fibonacci(0) called
2025-09-07 16:32:39,912 - DEBUG - fibonacci(2) = 1
2025-09-07 16:32:39,912 - DEBUG - fibonacci(4) = 3
2025-09-07 16:32:39,912 - DEBUG - fibonacci(6) = 8
2025-09-07 16:32:39,912 - DEBUG - fibonacci(5) called
2025-09-07 16:32:39,912 - DEBUG - fibonacci(4) called
2025-09-07 16:32:39,912 - DEBUG - fibonacci(3) called
2025-09-07 16:32:39,912 - DEBUG - fibonacci(2) called
2025-09-07 16:32:39,912 - DEBUG - fibonacci(1) called
2025-09-07 16:32:39,912 - DEBUG - fibonacci(0) called
2025-09-07 16:32:39,912 - DEBUG - fibonacci(2) = 1
2025-09-07 16:32:39,912 - DEBUG - fibonacci(1) called
2025-09-07 16:32:39,912 - DEBUG - fibonacci(3) = 2
2025-09-07 16:32:39,912 - DEBUG - fibonacci(2) called
2025-09-07 16:32:39,912 - DEBUG - fibonacci(1) called
2025-09-07 16:32:39,912 - DEBUG - fibonacci(0) called
2025-09-07 16:32:39,912 - DEBUG - fibonacci(2) = 1
2025-09-07 16:32:39,912 - DEBUG - fibonacci(4) = 3
2025-09-07 16:32:39,912 - DEBUG - fibonacci(3) called
2025-09-07 16:32:39,912 - DEBUG - fibonacci(2) called
2025-09-07 16:32:39,912 - DEBUG - fibonacci(1) called
2025-09-07 16:32:39,912 - DEBUG - fibonacci(0) called
2025-09-07 16:32:39,912 - DEBUG - fibonacci(2) = 1
2025-09-07 16:32:39,912 - DEBUG - fibonacci(1) called
2025-09-07 16:32:39,912 - DEBUG - fibonacci(3) = 2
2025-09-07 16:32:39,912 - DEBUG - fibonacci(5) = 5
2025-09-07 16:32:39,912 - DEBUG - fibonacci(7) = 13
2025-09-07 16:32:39,912 - DEBUG - fibonacci(9) = 34
2025-09-07 16:32:39,912 - DEBUG - fibonacci(8) called
2025-09-07 16:32:39,912 - DEBUG - fibonacci(7) called
2025-09-07 16:32:39,912 - DEBUG - fibonacci(6) called
2025-09-07 16:32:39,912 - DEBUG - fibonacci(5) called
2025-09-07 16:32:39,912 - DEBUG - fibonacci(4) called
2025-09-07 16:32:39,912 - DEBUG - fibonacci(3) called
2025-09-07 16:32:39,912 - DEBUG - fibonacci(2) called
2025-09-07 16:32:39,912 - DEBUG - fibonacci(1) called
2025-09-07 16:32:39,912 - DEBUG - fibonacci(0) called
2025-09-07 16:32:39,912 - DEBUG - fibonacci(2) = 1
2025-09-07 16:32:39,912 - DEBUG - fibonacci(1) called
2025-09-07 16:32:39,912 - DEBUG - fibonacci(3) = 2
2025-09-07 16:32:39,912 - DEBUG - fibonacci(2) called
2025-09-07 16:32:39,912 - DEBUG - fibonacci(1) called
2025-09-07 16:32:39,912 - DEBUG - fibonacci(0) called
2025-09-07 16:32:39,912 - DEBUG - fibonacci(2) = 1
2025-09-07 16:32:39,912 - DEBUG - fibonacci(4) = 3
2025-09-07 16:32:39,912 - DEBUG - fibonacci(3) called
2025-09-07 16:32:39,912 - DEBUG - fibonacci(2) called
2025-09-07 16:32:39,912 - DEBUG - fibonacci(1) called
2025-09-07 16:32:39,912 - DEBUG - fibonacci(0) called
2025-09-07 16:32:39,912 - DEBUG - fibonacci(2) = 1
2025-09-07 16:32:39,912 - DEBUG - fibonacci(1) called
2025-09-07 16:32:39,912 - DEBUG - fibonacci(3) = 2
2025-09-07 16:32:39,912 - DEBUG - fibonacci(5) = 5
2025-09-07 16:32:39,912 - DEBUG - fibonacci(4) called
2025-09-07 16:32:39,912 - DEBUG - fibonacci(3) called
2025-09-07 16:32:39,912 - DEBUG - fibonacci(2) called
2025-09-07 16:32:39,912 - DEBUG - fibonacci(1) called
2025-09-07 16:32:39,912 - DEBUG - fibonacci(0) called
2025-09-07 16:32:39,912 - DEBUG - fibonacci(2) = 1
2025-09-07 16:32:39,912 - DEBUG - fibonacci(1) called
2025-09-07 16:32:39,912 - DEBUG - fibonacci(3) = 2
2025-09-07 16:32:39,912 - DEBUG - fibonacci(2) called
2025-09-07 16:32:39,912 - DEBUG - fibonacci(1) called
2025-09-07 16:32:39,912 - DEBUG - fibonacci(0) called
2025-09-07 16:32:39,912 - DEBUG - fibonacci(2) = 1
2025-09-07 16:32:39,912 - DEBUG - fibonacci(4) = 3
2025-09-07 16:32:39,913 - DEBUG - fibonacci(6) = 8
2025-09-07 16:32:39,913 - DEBUG - fibonacci(5) called
2025-09-07 16:32:39,913 - DEBUG - fibonacci(4) called
2025-09-07 16:32:39,913 - DEBUG - fibonacci(3) called
2025-09-07 16:32:39,913 - DEBUG - fibonacci(2) called
2025-09-07 16:32:39,913 - DEBUG - fibonacci(1) called
2025-09-07 16:32:39,913 - DEBUG - fibonacci(0) called
2025-09-07 16:32:39,913 - DEBUG - fibonacci(2) = 1
2025-09-07 16:32:39,913 - DEBUG - fibonacci(1) called
2025-09-07 16:32:39,913 - DEBUG - fibonacci(3) = 2
2025-09-07 16:32:39,913 - DEBUG - fibonacci(2) called
2025-09-07 16:32:39,913 - DEBUG - fibonacci(1) called
2025-09-07 16:32:39,913 - DEBUG - fibonacci(0) called
2025-09-07 16:32:39,913 - DEBUG - fibonacci(2) = 1
2025-09-07 16:32:39,913 - DEBUG - fibonacci(4) = 3
2025-09-07 16:32:39,913 - DEBUG - fibonacci(3) called
2025-09-07 16:32:39,913 - DEBUG - fibonacci(2) called
2025-09-07 16:32:39,913 - DEBUG - fibonacci(1) called
2025-09-07 16:32:39,913 - DEBUG - fibonacci(0) called
2025-09-07 16:32:39,913 - DEBUG - fibonacci(2) = 1
2025-09-07 16:32:39,913 - DEBUG - fibonacci(1) called
2025-09-07 16:32:39,913 - DEBUG - fibonacci(3) = 2
2025-09-07 16:32:39,913 - DEBUG - fibonacci(5) = 5
2025-09-07 16:32:39,913 - DEBUG - fibonacci(7) = 13
2025-09-07 16:32:39,913 - DEBUG - fibonacci(6) called
2025-09-07 16:32:39,913 - DEBUG - fibonacci(5) called
2025-09-07 16:32:39,913 - DEBUG - fibonacci(4) called
2025-09-07 16:32:39,913 - DEBUG - fibonacci(3) called
2025-09-07 16:32:39,913 - DEBUG - fibonacci(2) called
2025-09-07 16:32:39,913 - DEBUG - fibonacci(1) called
2025-09-07 16:32:39,913 - DEBUG - fibonacci(0) called
2025-09-07 16:32:39,913 - DEBUG - fibonacci(2) = 1
2025-09-07 16:32:39,913 - DEBUG - fibonacci(1) called
2025-09-07 16:32:39,913 - DEBUG - fibonacci(3) = 2
2025-09-07 16:32:39,913 - DEBUG - fibonacci(2) called
2025-09-07 16:32:39,913 - DEBUG - fibonacci(1) called
2025-09-07 16:32:39,913 - DEBUG - fibonacci(0) called
2025-09-07 16:32:39,913 - DEBUG - fibonacci(2) = 1
2025-09-07 16:32:39,913 - DEBUG - fibonacci(4) = 3
2025-09-07 16:32:39,913 - DEBUG - fibonacci(3) called
2025-09-07 16:32:39,913 - DEBUG - fibonacci(2) called
2025-09-07 16:32:39,913 - DEBUG - fibonacci(1) called
2025-09-07 16:32:39,913 - DEBUG - fibonacci(0) called
2025-09-07 16:32:39,913 - DEBUG - fibonacci(2) = 1
2025-09-07 16:32:39,913 - DEBUG - fibonacci(1) called
2025-09-07 16:32:39,913 - DEBUG - fibonacci(3) = 2
2025-09-07 16:32:39,913 - DEBUG - fibonacci(5) = 5
2025-09-07 16:32:39,913 - DEBUG - fibonacci(4) called
2025-09-07 16:32:39,913 - DEBUG - fibonacci(3) called
2025-09-07 16:32:39,913 - DEBUG - fibonacci(2) called
2025-09-07 16:32:39,913 - DEBUG - fibonacci(1) called
2025-09-07 16:32:39,913 - DEBUG - fibonacci(0) called
2025-09-07 16:32:39,913 - DEBUG - fibonacci(2) = 1
2025-09-07 16:32:39,913 - DEBUG - fibonacci(1) called
2025-09-07 16:32:39,913 - DEBUG - fibonacci(3) = 2
2025-09-07 16:32:39,913 - DEBUG - fibonacci(2) called
2025-09-07 16:32:39,913 - DEBUG - fibonacci(1) called
2025-09-07 16:32:39,913 - DEBUG - fibonacci(0) called
2025-09-07 16:32:39,913 - DEBUG - fibonacci(2) = 1
2025-09-07 16:32:39,913 - DEBUG - fibonacci(4) = 3
2025-09-07 16:32:39,913 - DEBUG - fibonacci(6) = 8
2025-09-07 16:32:39,913 - DEBUG - fibonacci(8) = 21
2025-09-07 16:32:39,913 - DEBUG - fibonacci(10) = 55
2025-09-07 16:32:39,913 - INFO - Fibonacci 10: 55
2025-09-07 16:32:39,913 - DEBUG - factorial(5) called
2025-09-07 16:32:39,913 - DEBUG - factorial(4) called
2025-09-07 16:32:39,913 - DEBUG - factorial(3) called
2025-09-07 16:32:39,913 - DEBUG - factorial(2) called
2025-09-07 16:32:39,913 - DEBUG - factorial(1) called
2025-09-07 16:32:39,913 - DEBUG - factorial(2) = 2
2025-09-07 16:32:39,913 - DEBUG - factorial(3) = 6
2025-09-07 16:32:39,913 - DEBUG - factorial(4) = 24
2025-09-07 16:32:39,913 - DEBUG - factorial(5) = 120
2025-09-07 16:32:39,913 - INFO - Factorial 5: 120
2025-09-07 16:32:39,913 - DEBUG - print_pyramid(4) called
2025-09-07 16:32:39,913 - DEBUG - print_pyramid(3) called
2025-09-07 16:32:39,913 - DEBUG - print_pyramid(2) called
2025-09-07 16:32:39,913 - DEBUG - print_pyramid(1) called
2025-09-07 16:32:39,913 - DEBUG - print_pyramid(0) called
2025-09-07 16:32:39,913 - INFO - Day 25 Exercises Finished
